2024-03-05 17:16:37,095 - ERROR - 异常文档位置:65
2024-03-05 17:16:37,095 - ERROR - Exception occurred: ('无法找到问题和回答:', '这段原文是关于哪部金庸小说中的情节？')
2024-03-05 17:22:23,228 - ERROR - 异常文档位置:73
2024-03-05 17:22:23,228 - ERROR - Exception occurred: ('无法找到问题和回答:', '问题：这段原文中，都大锦是谁？他在做什么？')
2024-03-05 17:22:51,606 - ERROR - 异常文档位置:78
2024-03-05 17:22:51,606 - ERROR - Exception occurred: ('无法找到问题和回答:', '这段原文是关于武当派七侠之一的张翠山在武当山下遇到都大锦送来的受伤之人，发现竟是自己的三师兄俞岱岩。张翠山心急如焚，询问都大锦，但都大锦却一无所知。张翠山于是催马急追，终于在十偃镇找到了俞岱岩，却发现他四肢骨节已被折断，身受重伤。张翠山悲痛欲绝，决定先救俞岱岩性命要紧，君子报仇，十年未晚。')
2024-03-05 17:23:34,936 - ERROR - 异常文档位置:87
2024-03-05 17:23:34,936 - ERROR - Exception occurred: ('无法找到问题和回答:', '问题：张翠山和都大锦是什么关系？\n\n答： 张翠山和都大锦之间没有直接的血缘关系。张翠山是武当派掌门张三丰的第五个弟子，都大锦是武当派七弟子殷梨亭的弟子。因此，张翠山是都大锦的师叔。')
2024-03-05 17:26:06,021 - ERROR - 异常文档位置:115
2024-03-05 17:26:06,021 - ERROR - Exception occurred: ('无法找到问题和回答:', '殷素素和张翠山是在一艘船上相识的。殷素素受伤，张翠山主动为她治疗。在治疗过程中，两人发生了争执，殷素素因为张翠山的言语而对他产生了误解。后来，殷素素决定独自离开，但张翠山还是跟随她上了另一艘船。在船上，两人进一步交流，殷素素向张翠山解释了她与少林派和都大锦的恩怨，并告诉他她千里迢迢护送他三师哥上武当山的原因。最后，两人化解误会，决定一起前往王盘山岛，看看屠龙刀的情况。')
2024-03-05 17:26:11,294 - ERROR - 异常文档位置:116
2024-03-05 17:26:11,294 - ERROR - Exception occurred: ('无法找到问题和回答:', '殷素素和张翠山在船上相识。殷素素原本是张翠山三师兄俞岱岩的救命恩人，但后来因为误会殷素素杀害龙门镖局满门和少林派慧风和尚，张翠山对殷素素产生了敌意。在殷素素受伤后，张翠山还是不计前嫌救了她，两人关系有所缓和。在得知殷素素是杀害龙门镖局满门和慧风和尚的凶手后，张翠山对殷素素更加愤怒。')
2024-03-05 17:26:13,088 - ERROR - 异常文档位置:117
2024-03-05 17:26:13,088 - ERROR - Exception occurred: ('无法找到问题和回答:', '殷素素和张翠山在王盘山岛上有什么计划？')
2024-03-05 17:26:14,694 - ERROR - 异常文档位置:118
2024-03-05 17:26:14,694 - ERROR - Exception occurred: ('无法找到问题和回答:', '殷素素和张翠山是如何认识的？')
2024-03-05 17:26:17,630 - ERROR - 异常文档位置:119
2024-03-05 17:26:17,630 - ERROR - Exception occurred: ('无法找到问题和回答:', '殷素素和张翠山在何处相遇？')
2024-03-05 17:26:23,287 - ERROR - 异常文档位置:120
2024-03-05 17:26:23,287 - ERROR - Exception occurred: ('无法找到问题和回答:', '殷素素和张翠山在王盘山岛上遇到了天鹰教和巨鲸帮的冲突。殷素素和张翠山在船上听到巨鲸帮和天鹰教的对话，发现巨鲸帮和天鹰教似乎在争夺屠龙刀。殷素素和张翠山在岛上遇到了天鹰教和巨鲸帮的人，并得知巨鲸帮的少帮主麦少帮主已经来到岛上。殷素素和张翠山随后也登上了王盘山岛，准备参加巨鲸帮和天鹰教的聚会。')
2024-03-05 17:26:26,861 - ERROR - 异常文档位置:121
2024-03-05 17:26:26,861 - ERROR - Exception occurred: ('无法找到问题和回答:', '殷素素和张翠山是在王盘山岛上相遇的。殷素素是天鹰教教主的女儿，张翠山是武当派的弟子。两人在岛上相遇，殷素素为了挑起少林和武当的争斗，故意陷害张翠山。后来，两人因为共同的目的而暂时合作。')
2024-03-05 17:26:29,663 - ERROR - 异常文档位置:122
2024-03-05 17:26:29,663 - ERROR - Exception occurred: ('无法找到问题和回答:', '殷素素和张翠山是在海上相遇的。殷素素当时正在追杀龙门镖局的镖师，张翠山出手相救，并因此受伤。殷素素为了感激张翠山的救命之恩，将他带回了自己的船')
2024-03-05 17:26:37,888 - ERROR - 异常文档位置:124
2024-03-05 17:26:37,888 - ERROR - Exception occurred: ('无法找到问题和回答:', '殷素素和张翠山是在一艘船上相遇的。殷素素是天鹰教的一员，而张翠山则是武当派的七侠之一。当巨鲸帮的人遇到困难时，殷素素和张翠山都出手相助，因此他们得以相识。')
2024-03-05 17:26:46,167 - ERROR - 异常文档位置:125
2024-03-05 17:26:46,167 - ERROR - Exception occurred: ('无法找到问题和回答:', '殷素素和张翠山是在王盘山上相识的。殷素素是天鹰教中的一员，而张翠山则是武当派的代表。他们在白龟寿的引领下见面，并一起参加了在王盘山上举行的武林聚会。在这次聚会上，殷素素和张翠山互相交流，并逐渐产生了感情。')
2024-03-05 17:26:51,179 - ERROR - 异常文档位置:126
2024-03-05 17:26:51,179 - ERROR - Exception occurred: ('无法找到问题和回答:', '殷素素和张翠山是在王盘山上认识的。殷素素是天鹰教中的一员，而张翠山则是武当派的代表。他们在白常两位坛主的介绍下相识，并一起参加了在王盘山上举行的武林聚会。在这次聚会上，殷素素和张翠山相互交流，逐渐产生了好感。')
2024-03-05 17:26:55,128 - ERROR - 异常文档位置:127
2024-03-05 17:26:55,128 - ERROR - Exception occurred: ('无法找到问题和回答:', '殷素素和张翠山在王盘山上相识。殷素素是天鹰教教主的属下，而张翠山是武当派的弟子。两人初次见面时，殷素素表现出对张翠山的轻视和挑衅，但张翠山保持了冷静和礼貌。随着时间的推移，两人逐渐产生了共鸣和情感，最终在王盘山上相拥而立。')
2024-03-05 17:26:57,645 - ERROR - 异常文档位置:128
2024-03-05 17:26:57,645 - ERROR - Exception occurred: ('无法找到问题和回答:', '殷素素和张翠山是在王盘山上认识的。殷素素是天鹰教的教主，而张翠山则是武当派的弟子。他们在王盘山上相遇，并因为一些原因而产生了交集。')
2024-03-05 17:27:02,216 - ERROR - 异常文档位置:129
2024-03-05 17:27:02,216 - ERROR - Exception occurred: ('无法找到问题和回答:', '殷素素和张翠山在海边聊天，殷素素提到《庄子・秋水篇》中的一段话，引起了张翠山的共鸣。他们开始谈论起张翠山的师父张三丰，张翠山对师父的敬仰之情溢于言表。殷素素故意引诱张翠山，让他握住自己的手，两人开始谈论起《庄子》中的道理。张翠山渐渐对殷素素产生了好感，但心中还是保持着警惕。')
2024-03-05 17:27:05,647 - ERROR - 异常文档位置:130
2024-03-05 17:27:05,647 - ERROR - Exception occurred: ('无法找到问题和回答:', '殷素素和张翠山是在王盘山上相识的。殷素素是天鹰教的教主，而张翠山则是武当派的代表。他们在王盘山上相遇，并在之后的时间里相互交流和了解。殷素素对张翠山产生了感情，并试图让他加入天鹰教。')
2024-03-05 17:27:07,431 - ERROR - 异常文档位置:131
2024-03-05 17:27:07,431 - ERROR - Exception occurred: ('无法找到问题和回答:', '殷素素和张翠山的关系如何？')
2024-03-05 17:28:31,087 - ERROR - 异常文档位置:146
2024-03-05 17:28:31,087 - ERROR - Exception occurred: ('无法找到问题和回答:', '这段原文是关于《倚天屠龙记》中的一个情节。其中，张翠山和殷素素被谢逊追赶，面临生死关头。张翠山决定以武当派的轻功和武功与谢逊决一死战。他选择在石壁上写下“武林至尊”这四个字，其中包含着张三丰的武功精髓。谢逊看后，承认自己输了，并答应饶恕张翠山和殷素素的性命。但是，他仍然决定要杀死其他人，因为他们可能会泄露屠龙刀的秘密。')
2024-03-05 17:29:19,179 - ERROR - 异常文档位置:155
2024-03-05 17:29:19,179 - ERROR - Exception occurred: ('无法找到问题和回答:', '殷素素和张翠山是在一艘船上，遭遇到了海啸。在风浪中，他们彼此扶持，共同抵抗巨浪，并互相表白了爱意。最终，他们得救了，但仍然处于危险之中，因为他们的命运仍然掌握在“贼老天”手中。')
2024-03-05 17:33:24,007 - ERROR - 异常文档位置:194
2024-03-05 17:33:24,007 - ERROR - Exception occurred: ('无法找到问题和回答:', '空见大师如何知道谢逊的师父成昆杀了他全家？')
2024-03-05 17:35:32,565 - ERROR - 异常文档位置:218
2024-03-05 17:35:32,565 - ERROR - Exception occurred: ('无法找到问题和回答:', '殷素素为何要害西华子？\n\n殷素素害西华子是因为他言语无礼，惹怒了她。在小说中，西华子在与殷素素对话时，言语间多有冒犯，甚至调戏之意。殷素素对此非常恼怒，于是暗中吩咐程封二坛主，安排下计谋。当西华子过船时，程坛主用飞刀切割跳板，让西华子落水。殷素素此举是为了报复西华子的无礼行为。')
2024-03-05 17:35:38,543 - ERROR - 异常文档位置:219
2024-03-05 17:35:38,543 - ERROR - Exception occurred: ('无法找到问题和回答:', '殷素素和张翠山在王盘山之会上结识。当时，殷素素是天鹰教教主的女儿，而张翠山是武当派的代表。两人在会议上互相认识，并因为共同的目标而结成盟友。后来，他们一起经历了许多事件，并最终结为夫妻。')
2024-03-05 17:36:36,300 - ERROR - 异常文档位置:227
2024-03-05 17:36:36,300 - ERROR - Exception occurred: ('无法找到问题和回答:', '殷素素和张翠山在冰火岛上成婚，并生下了儿子张无忌。在张无忌年幼时，殷素素因故与张翠山离散，独自带着张无忌在冰火岛上生活。在张无忌十岁时，殷素素决定带着他回到中原，寻找张翠山的下落。在途中，殷素素遇到了武当派的俞莲舟和张翠山的同门师兄弟，得知张翠山已经去世，并得知武当派一直在寻找张翠山的下落。殷素素决定带着张无忌前往武当山，寻找武当派的其他师兄弟，并打听张翠山的下落。')
2024-03-05 17:37:15,278 - ERROR - 异常文档位置:233
2024-03-05 17:37:15,278 - ERROR - Exception occurred: ('无法找到问题和回答:', '殷素素和张翠山在江上被六艘小船拦截，对方是峨嵋派的年轻弟子。她们用“寒梅剑阵”和“大漠平沙”等招式攻击殷素素和张翠山，但被俞莲舟化解。后来，俞莲舟发现这些弟子其实是巢湖的粮船帮，而非峨嵋派。在战斗中，俞莲舟无意中伤了其中两名弟子，感到有些不安。最后，他们骑上马匹继续前行，预计前方的道路上可能还会有波折。')
2024-03-05 17:37:32,118 - ERROR - 异常文档位置:236
2024-03-05 17:37:32,118 - ERROR - Exception occurred: ('无法找到问题和回答:', '问题：为什么俞莲舟在遇到武功高强的敌人时，会选择先保护无忌，而不是先与敌人交手？\n\n   答案：俞莲舟在遇到武功高强的敌人时，选择先保护无忌，而不是先与敌人交手，是因为无忌是他的侄子，是他最亲近的人之一。俞莲舟对他的责任和关爱使他优先考虑保护无忌的安全，而不是自己的安危。此外，俞莲舟也可能考虑到，即使他能够打败敌人，无忌仍然可能受到伤害，因此他决定先确保无忌的安全，然后再考虑与敌人交手。')
2024-03-05 17:37:39,710 - ERROR - 异常文档位置:238
2024-03-05 17:37:39,710 - ERROR - Exception occurred: Error code: 400, with error text {"error":{"code":"1301","message":"系统检测到输入或生成内容可能包含不安全或敏感内容，请您避免输入易产生敏感内容的提示语，感谢您的配合。"}}
2024-03-05 17:37:45,105 - ERROR - 异常文档位置:239
2024-03-05 17:37:45,105 - ERROR - Exception occurred: ('无法找到问题和回答:', '问题：武当七侠生平最恨的是元兵残害良民。张三丰平素督训甚严，门人不许轻易和人动手，但若遇到元兵肆虐作恶，对之下手却不必容情。因此武当七侠若是遇上大队元兵，只有走避，若见少数元兵行凶，往往便下手除去。请问，武当七侠遇到元兵时，是选择避开还是除去？')
2024-03-05 17:40:56,332 - ERROR - 异常文档位置:267
2024-03-05 17:40:56,332 - ERROR - Exception occurred: ('无法找到问题和回答:', '殷无福、殷无禄、殷无寿三人是谁？他们有什么样的背景和经历？')
2024-03-05 17:41:14,850 - ERROR - 异常文档位置:271
2024-03-05 17:41:14,850 - ERROR - Exception occurred: ('无法找到问题和回答:', '问题：张松溪和俞莲舟在面临强敌时，为何决定使用“虎爪绝户手”这一门绝学？\n\n   答案：张松溪和俞莲舟在面临强敌时，决定使用“虎爪绝户手”这一门绝学，主要是因为他们想迅速制服对手，以保护自己和队友。他们认为，在这种情况下，使用这门绝学可以让他们在短时间内控制住局势，避免陷入危险的境地。同时，他们也考虑到这门绝学只在生死关头使用，不会轻易使用。')
2024-03-05 17:42:57,721 - ERROR - 异常文档位置:290
2024-03-05 17:42:57,721 - ERROR - Exception occurred: Error code: 400, with error text {"error":{"code":"1301","message":"系统检测到输入或生成内容可能包含不安全或敏感内容，请您避免输入易产生敏感内容的提示语，感谢您的配合。"}}
2024-03-05 17:45:39,924 - ERROR - 异常文档位置:320
2024-03-05 17:45:39,924 - ERROR - Exception occurred: ('无法找到问题和回答:', '这段原文是关于常遇春和张无忌在蝴蝶谷的经历。他们遇到了蒙古官兵的追捕，并在一个花丛中找到了胡青牛的住所。胡青牛是一位神医，常遇春曾经向他求医，但胡青牛拒绝了。后来，常遇春为了救张无忌，自愿让胡青牛治疗他的伤势，而张无忌则坚决不愿意接受胡青牛的治疗，因为他不想加入天鹰教。最后，常遇春成功说服了胡青牛治疗张无忌。')
2024-03-05 17:46:35,378 - ERROR - 异常文档位置:327
2024-03-05 17:46:35,378 - ERROR - Exception occurred: Request Timeout
2024-03-05 17:48:49,638 - ERROR - 异常文档位置:352
2024-03-05 17:48:49,638 - ERROR - Exception occurred: ('无法找到问题和回答:', '这段文字是关于张无忌、纪晓芙和胡青牛的故事。张无忌和纪晓芙在蝴蝶谷遇到了胡青牛，胡青牛给他们治好了内伤。纪晓芙和张无忌在胡青牛的帮助下，准备离开蝴蝶谷，但胡青牛却在晚上偷偷来给纪晓芙下毒。张无忌发现后，决定先救纪晓芙，然后再离开蝴蝶谷。')
2024-03-05 17:48:56,358 - ERROR - 异常文档位置:353
2024-03-05 17:48:56,358 - ERROR - Exception occurred: ('无法找到问题和回答:', '这段文字描述了张无忌、纪晓芙和杨不悔在胡青牛的帮助下，与金花婆婆一派的人展开斗争。金花婆婆的属下在临淮阁酒楼中对纪晓芙施加酷刑，纪晓芙和张无忌在胡青牛的医治下得以复原。金花婆婆又暗中下毒，使纪晓芙再次受伤。胡青牛指点张无忌解毒的方法，并暗示他尽快离开。纪晓芙和张无忌发现胡青牛被金花婆婆的手下绑架，救出后发现他身中剧毒。张无忌和纪晓芙将金花婆婆的手下押到胡青牛面前，胡青牛却对她呵护备至，原来这个女子是他的妻子。')
2024-03-05 17:49:08,495 - ERROR - 异常文档位置:354
2024-03-05 17:49:08,495 - ERROR - Exception occurred: ('无法找到问题和回答:', '这段原文是关于张无忌和胡青牛的故事。张无忌在蝴蝶谷中遇到了胡青牛，并从他那里学到了很多医术。然而，胡青牛却突然病倒了，张无忌为了照顾他而留了下来。在此期间，张无忌发现胡青牛的病似乎是假装的，而胡青牛也告诉他，自己其实是在等待一个女子――金花婆婆。\n\n金花婆婆是胡青牛的旧情人，他们曾经相恋并结为夫妇，但金花婆婆却背叛了胡青牛，让他受到了极大的伤害。胡青牛一直在等待金花婆婆回来，希望她能够向他道歉并弥补过去的错误。\n\n然而，当金花婆婆终于回来时，她却并没有向胡青牛道歉，反而再次背叛了他，将他绑架并折磨他。张无忌为了救胡青牛，不惜冒险去寻找金花婆婆，最终成功地将她救了出来。\n\n在这个过程中，张无忌和胡青牛之间的关系也变得更加深厚。张无忌开始了解到胡青牛的过去，并理解了他的痛苦和执着。同时，他也开始认识到自己的内心，发现自己对胡青牛的感情已经超越了师徒之间的感情。\n\n最终，张无忌和胡青牛成功地打败了金花婆婆，并让她承认了自己的错误。胡青牛也终于得到了自己一直想要的道歉和补偿，而张无忌也终于找到了自己的内心，承认了自己对胡青牛的感情。')
2024-03-05 17:49:16,149 - ERROR - 异常文档位置:355
2024-03-05 17:49:16,149 - ERROR - Exception occurred: ('无法找到问题和回答:', '这段原文是关于胡青牛和他的妻子王难姑的故事。胡青牛是学医的，而他的妻子王难姑则是学毒的。他们原本在师门习艺时感情很好，但后来因为胡青牛不肯听从王难姑的良言劝导，两人之间产生了矛盾。王难姑使毒之术神妙无方，被誉为“毒仙”，而胡青牛则被称为“医仙”。\n\n胡青牛因为救了中毒的人而违背了王难姑的意愿，因此深感内疚。他立下重誓，凡是王难姑下了毒的人，他决计不再医治。然而，当他遇到一个奇特的中毒病案时，他还是忍不住出手救治了病人。\n\n这段原文讲述了胡青牛和王难姑之间的感情纠葛，以及他们各自在医学和毒术上的造诣。')
2024-03-05 17:49:22,499 - ERROR - 异常文档位置:356
2024-03-05 17:49:22,499 - ERROR - Exception occurred: ('无法找到问题和回答:', '这段文字是关于胡青牛和王难姑的故事。胡青牛是“医仙”，王难姑是“毒仙”，他们本是同门师兄妹，也是夫妻。胡青牛因救治了王难姑所伤之人，被视为对妻子的不忠不义，因此发誓不再救治非明教中人。然而，当他遇到一个奇特的中毒病案时，还是忍不住出手救治，这使得王难姑非常生气，认为胡青牛瞧不起她，于是离开蝴蝶谷。此后，胡青牛虽然遵守誓言，但遇到疑难杂症，还是忍不住出手，有时治好的病人竟是王难姑所伤。这使得夫妻之间的感情更加紧张。')
2024-03-05 17:56:11,918 - ERROR - 异常文档位置:421
2024-03-05 17:56:11,918 - ERROR - Exception occurred: ('无法找到问题和回答:', '朱九真和张无忌是在甚么情况下相遇的？')
2024-03-05 17:59:29,352 - ERROR - 异常文档位置:456
2024-03-05 17:59:29,352 - ERROR - Exception occurred: ('无法找到问题和回答:', '这段文字是关于张无忌在朱长龄的陷阱中逃脱的故事。张无忌被朱长龄关在一个山洞里，朱长龄想让他慢慢饿死。张无忌在山洞里发现了一个秘密通道，通道的尽头是一个美丽的花谷。他在谷中找到了食物，与一只小猴子成为了朋友。他还在谷中发现了朱长龄的秘密，原来朱长龄想用张无忌的死来向他的师父谢逊报仇。最后，张无忌设法逃脱了朱长龄的陷阱，并找到了一部神秘的经书。')
2024-03-05 18:00:07,999 - ERROR - 异常文档位置:462
2024-03-05 18:00:07,999 - ERROR - Exception occurred: ('无法找到问题和回答:', '这段原文是关于张无忌在幽谷中修炼九阳真经的故事。他从一个孩子长成为身材高大的青年，在幽谷中度过了五年多的时间。在这段时间里，他练成了九阳真经中的功夫，并将其余三部经书也一一参详领悟。当他练成最后一卷经书时，他决定将自己的经历刻在山壁上，并挖了个洞将经书埋藏起来，希望有缘人能发现它们。在修炼的过程中，他与猿猴为伴，采摘果实度日，并时常与朱长龄交谈。当他练成神功后，他决定离开幽谷，去寻找自己的太师父、师伯师叔们。')
2024-03-05 18:04:40,075 - ERROR - 异常文档位置:512
2024-03-05 18:04:40,076 - ERROR - Exception occurred: ('无法找到问题和回答:', '殷梨亭和灭绝师太在一线峡畔遇到了武当派的大师兄和众师弟，他们已经和魔教的木、火两旗交战三次，杀了几名妖人，但武当五侠之能，尚且杀不了魔教的掌旗使。灭绝师太询问光明顶上的实力，殷梨亭回答说天鹰教等魔教支派大举赴援光明顶，听说紫衫龙王和青翼蝠王也到了。灭绝师太听到紫衫龙王也来了，有些惊讶。两人一边走，一边聊天。殷梨亭后来和静玄告别，去和华山派联络。峨嵋众女侠为他准备了干粮，殷梨亭也不客气，接受了她们的款待。')
2024-03-05 18:04:43,824 - ERROR - 异常文档位置:513
2024-03-05 18:04:43,824 - ERROR - Exception occurred: ('无法找到问题和回答:', '殷梨亭和张无忌在听到蛛儿询问关于张无忌的事情时都感到非常惊讶。殷梨亭询问蛛儿为何要打听他的五师哥张无忌，而蛛儿则回答说她想要知道张无忌是否也来到了这里。张无忌听到这里更加吃惊，因为他一直隐瞒自己的身份，而蛛儿似乎早已知道真相。')
2024-03-05 18:04:45,450 - ERROR - 异常文档位置:514
2024-03-05 18:04:45,450 - ERROR - Exception occurred: ('无法找到问题和回答:', '殷梨亭和宋青书在何处遇到了这些尸体？')
2024-03-05 18:04:50,736 - ERROR - 异常文档位置:516
2024-03-05 18:04:50,737 - ERROR - Exception occurred: ('无法找到问题和回答:', '殷梨亭和宋青书是如何相遇的？')
2024-03-05 18:06:11,902 - ERROR - 异常文档位置:529
2024-03-05 18:06:11,902 - ERROR - Exception occurred: ('无法找到问题和回答:', '这段文字是描述张无忌和灭绝师太之间的比武过程。张无忌在锐金旗众人的求情下，自愿挨灭绝师太三掌，以换取他们的性命。在第二掌之后，张无忌受伤吐血，但仍然坚持要承受第三掌。就在此时，一个自称殷野王的人出现，自愿代张无忌承受灭绝师太的第三掌。这段文字描写了张无忌的勇敢和殷野王的仗义，同时也展示了灭绝师太的冷酷和残忍。')
2024-03-05 18:06:15,235 - ERROR - 异常文档位置:530
2024-03-05 18:06:15,235 - ERROR - Exception occurred: ('无法找到问题和回答:', '这段文字出自金庸先生的武侠小说《倚天屠龙记》。主要讲述了张无忌在经历灭绝师太三掌后，凭借九阳真经的内力，成功疗伤并站起来的故事。同时，殷野王的出现使得张无忌免于灭绝师太的第三掌，并使得天鹰教教众将众人团团围住。')
2024-03-05 18:06:24,279 - ERROR - 异常文档位置:531
2024-03-05 18:06:24,279 - ERROR - Exception occurred: ('无法找到问题和回答:', '这段文字是描述武侠小说中的情节，其中涉及到峨嵋派、天鹰教等武林门派，以及一些武功招式和内功心法。故事中，峨嵋派的灭绝师太与张无忌发生了冲突，灭绝师太因为张无忌的年轻气盛和不敬，决定教训他。在交手过程中，灭绝师太使出了峨嵋派的绝学“佛光普照”一招，但张无忌却因为练就了九阳神功，使得灭绝师太的攻击无法对他造成伤害。\n\n这段文字中还提到了天鹰教的高手殷野王，他突然出现并阻止了灭绝师太对张无忌的攻击，使得张无忌得以暂时逃脱。同时，殷野王还带出了天鹰教的教众，将所有人团团围住，使得形势变得更加危急。\n\n在武侠小说中，武功招式和内功心法是极为重要的元素，它们可以决定一个武林人士的实力和地位。九阳神功和峨嵋九阳功都是极为强大的内功心法，而“佛光普照”一招则展现了峨嵋派的武功招式。同时，这段文字也展现了武侠小说中人物之间的冲突和斗争，以及不同门派之间的恩怨纠葛。')
2024-03-05 18:06:26,683 - ERROR - 异常文档位置:532
2024-03-05 18:06:26,683 - ERROR - Exception occurred: ('无法找到问题和回答:', '殷野王和张无忌的对话中，殷野王提到了“阿离”，请问“阿离”是谁？')
2024-03-05 18:06:30,990 - ERROR - 异常文档位置:533
2024-03-05 18:06:30,990 - ERROR - Exception occurred: ('无法找到问题和回答:', '殷野王是天鹰教的高手，他在张无忌和灭绝师太对掌时出现，并声称要代张无忌接灭绝师太的第三掌。他自称姓殷，名野王，是天鹰教天微堂的堂主，权位仅次于教主。殷野王的出现使得张无忌有机会逃脱灭绝师太的追杀，但也使得天鹰教和峨嵋派之间的冲突更加激化。')
2024-03-05 18:06:36,285 - ERROR - 异常文档位置:534
2024-03-05 18:06:36,285 - ERROR - Exception occurred: ('无法找到问题和回答:', '殷野王和张无忌是在天鹰教教众用毒箭围攻众人时认识的。殷野王哈哈一笑，道：“我跟他素不相识，只是见他年纪轻轻，骨头倒硬，颇不像武林中那些假仁假义、沽名钓誉之徒。心中一喜，便想领教一下师太的功力如何？”最后一句话说得颇不客气，意下似乎全没将灭绝师太放在眼里。')
2024-03-05 18:06:45,505 - ERROR - 异常文档位置:535
2024-03-05 18:06:45,505 - ERROR - Exception occurred: ('无法找到问题和回答:', '问题：殷野王和张无忌在这次事件中各自表现出了什么样的性格特点？\n\n殷野王：\n\n1. 殷野王在这次事件中表现出了残忍和无情的一面。他不仅对女儿蛛儿毫不留情，甚至对自己的妻子和儿子也表现出冷漠的态度。\n2. 殷野王还表现出了狡猾和阴险的一面。他先是用言语激怒张无忌，让他去追韦一笑，然后自己趁机离开。\n3. 殷野王的自负和傲慢也在这次事件中表露无遗。他自信自己的武功足以打败张无忌，并对他的九阳神功不屑一顾。\n\n张无忌：\n\n1. 张无忌在这次事件中表现出了勇敢和无畏的一面。他不畏强敌，敢于与殷野王和韦一笑对抗。\n2. 张无忌的善良和仁慈也在这次事件中得到了体现。他不仅尽力保护蛛儿，还试图劝说殷野王和韦一笑放弃仇恨和杀戮。\n3. 张无忌的聪明和机智也在这次事件中得到了展现。他通过观察韦一笑的足印和沙漠中的足迹，发现了有人在跟踪自己。')
2024-03-05 18:07:44,426 - ERROR - 异常文档位置:548
2024-03-05 18:07:44,427 - ERROR - Exception occurred: ('无法找到问题和回答:', '这段原文描述了周颠因为打说不得而感到内疚，于是决定自己动手打自己一掌来还债。说不得却认为周颠这样做没有意义，因为大家都是兄弟，应该团结一致。杨逍邀请五散人来光明顶，希望大家能够团结起来对抗六大派。在讨论过程中，周颠和杨逍因为教主之位的问题发生了争执，周颠甚至动手打了杨逍。然而，在关键时刻，五散人之一的冷谦出手阻止了争执升级，提醒众人应该团结一致，共同对抗外敌。')
2024-03-05 18:11:32,805 - ERROR - 异常文档位置:585
2024-03-05 18:11:32,805 - ERROR - Exception occurred: Request Timeout
2024-03-05 18:11:52,917 - ERROR - 异常文档位置:586
2024-03-05 18:11:52,917 - ERROR - Exception occurred: Request Timeout
2024-03-05 18:12:23,458 - ERROR - 异常文档位置:591
2024-03-05 18:12:23,458 - ERROR - Exception occurred: ('无法找到问题和回答:', '问题：张无忌在殷天正和宋远桥的比试中，发现他们的招数中存在许多破绽，这是为什么？\n\n答： 张无忌发现殷天正和宋远桥的招数中存在许多破绽，是因为他们是在以招数拆招数，而不是真正的实战。他们两人都是武林中一流的高手，深知对方的厉害，所以在比试时，更多的是在展示自己的招数和技巧，而不是真正的攻击对方。他们的招数虽然看似破绽百出，但实际上却是一种高层次的武学表现，旨在让对方了解自己的实力，而不是真正的攻击。')
2024-03-05 18:12:31,013 - ERROR - 异常文档位置:593
2024-03-05 18:12:31,014 - ERROR - Exception occurred: ('无法找到问题和回答:', '殷天正和宋远桥之间有什么恩怨？')
2024-03-05 18:12:32,844 - ERROR - 异常文档位置:594
2024-03-05 18:12:32,844 - ERROR - Exception occurred: ('无法找到问题和回答:', '殷天正和宋远桥之间有什么恩怨？')
2024-03-05 18:12:45,008 - ERROR - 异常文档位置:596
2024-03-05 18:12:45,008 - ERROR - Exception occurred: ('无法找到问题和回答:', '这段文字是描述武侠小说中的打斗场景。其中涉及了宋远桥和殷天正的比试，张无忌救助殷天正并和宗维侠对峙的情节。宋远桥使用武当派的“绵掌”与殷天正的拳法对峙，两人各展绝技，但最终以和局收场。随后，崆峒派的唐文亮和殷天正比试，但唐文亮被殷天正打败。接着，宗维侠想要趁机报复殷天正，但被武当派的俞莲舟阻止。最后，张无忌站出来保护殷天正，并准备接宗维侠的拳招。')
2024-03-05 18:12:51,852 - ERROR - 异常文档位置:597
2024-03-05 18:12:51,854 - ERROR - Exception occurred: ('无法找到问题和回答:', '这段文字描述了张无忌在光明顶上与崆峒派高手宗维侠对峙的场面。当时，六大门派围攻光明顶，殷天正重伤倒地。张无忌为了保护殷天正，挺身而出，挡住了宗维侠的攻击。宗维侠因为忌惮殷天正的“鹰爪擒拿功”，便想先打败张无忌，再跟殷天正比试。张无忌则表示要先接下宗维侠的拳招，让殷天正休息。此时，张无忌提到了空见大师的死因，暗示崆峒派可能与成昆有关。这段文字表现了张无忌的勇敢和智慧，同时也揭示了崆峒派可能与成昆有某种联系。')
2024-03-05 18:12:56,342 - ERROR - 异常文档位置:598
2024-03-05 18:12:56,342 - ERROR - Exception occurred: ('无法找到问题和回答:', '这段原文是描述张无忌在光明顶上与崆峒派宗维侠的对话。张无忌为了保护身受重伤的殷天正，主动向宗维侠挑战，要求先和宗维侠比试。在对话中，张无忌提到了空见大师的死因，暗示崆峒派的七伤拳可能与空见大师的死有关。宗维侠则否认了这一点，并称空见大师是死于谢逊之手。随后，张无忌继续与宗维侠争论，并指出空见大师的死因可能与崆峒派有关。')
2024-03-05 18:13:05,483 - ERROR - 异常文档位置:599
2024-03-05 18:13:05,483 - ERROR - Exception occurred: ('无法找到问题和回答:', '这段文字描述了张无忌在六大门派围攻明教时挺身而出，保护殷天正，并揭露出崆峒派七伤拳的真相。张无忌的内力深厚，使得他能够轻易地接下宗维侠的攻击，并使得宗维侠感到惊讶和愤怒。张无忌利用这个机会，向宗维侠和在场的人解释了七伤拳的真相，指出七伤拳并非崆峒派所创，而是由谢逊所创。他还提到了空见大师的死因，指出谢逊并非崆峒派，而是冒用成昆的名字犯下血案。最后，张无忌请求双方停止战斗，查明真相。')
2024-03-05 18:13:09,736 - ERROR - 异常文档位置:600
2024-03-05 18:13:09,736 - ERROR - Exception occurred: ('无法找到问题和回答:', '这段原文是关于张无忌在光明顶上与崆峒派宗维侠和少林派圆音的对话。张无忌在对话中提到了空见大师的死因，指出是崆峒派的七伤拳所害，而不是谢逊。他要求崆峒派和少林派查明真相，停止互相攻击。在对话中，张无忌表现出了强大的内力和坚定的立场，引起了六大派中其他人的注意和尊重。')
2024-03-05 18:18:10,716 - ERROR - 异常文档位置:646
2024-03-05 18:18:10,716 - ERROR - Exception occurred: ('无法找到问题和回答:', '殷天正送给张无忌一把名叫白虹剑的宝剑，这把剑在江湖上也是罕见的利器。张无忌用这把剑和灭绝师太的倚天剑进行了交手，但因为张无忌的剑法平庸，所以被灭绝师太的倚天剑削断了。在危急关头，张无忌用周颠给他的宝刀和灭绝师太进行了交手，最终成功夺得了灭绝师太的倚天剑。')
2024-03-05 18:18:46,577 - ERROR - 异常文档位置:652
2024-03-05 18:18:46,577 - ERROR - Exception occurred: ('无法找到问题和回答:', '问题：六大派围攻光明顶的起因是什么？\n\n六大派围攻光明顶的起因是，六大派为了剿灭魔教，维护江湖和平，相约共同围攻光明顶。其中，峨嵋派因为纪晓芙失身于明教杨逍，导致灭绝师太对明教恨之入骨，发誓要剿灭明教。其他各派也有类似的原因，如崆峒派、华山派等，都因为和明教有仇，加上明教近年来在江湖上势力逐渐壮大，引起了六大派的忌惮。因此，六大派决定联合起来，共同围攻光明顶，剿灭明教。')
2024-03-05 18:21:08,302 - ERROR - 异常文档位置:675
2024-03-05 18:21:08,302 - ERROR - Exception occurred: ('无法找到问题和回答:', '这段文字是关于《倚天屠龙记》中的情节。主要描述了以下内容：\n\n1. 张无忌和明教众人准备离开光明顶，和冷谦等人告别。\n2. 张无忌在沙漠中遇到小昭，小昭对他表达了爱意，张无忌也承诺带她一起去海外。\n3. 一行人听到马蹄声，发现是崆峒派的人，他们准备回归中原。\n4. 张无忌和明教众人遇到静空和峨嵋派的众人，双方发生冲突，但最终和平解决。\n5. 众人离开后，发现一些昆仑派的尸体，猜测是有人暗中袭击。\n6. 众人继续前行，发现受伤的殷梨亭，他被人折断四肢，扔在沙谷中。\n\n问题：这段文字主要描述了哪些情节？')
2024-03-05 18:21:15,775 - ERROR - 异常文档位置:676
2024-03-05 18:21:15,775 - ERROR - Exception occurred: ('无法找到问题和回答:', '这段原文是关于张无忌在《倚天屠龙记》中的经历。在这一段中，张无忌和韦一笑、杨逍等人遇到了峨嵋派的静空等人，双方发生了误会。静空等人询问张无忌关于灭绝师太的下落，张无忌则表示并未见过灭绝师太。随后，双方因误会而产生冲突，但最终在张无忌的调解下，双方停战。\n\n在这一段中，张无忌表现出了他的智慧和领导能力，他不仅成功调解了明教和峨嵋派的冲突，还表现出了对各派别之间的纷争和矛盾的关注和担忧。此外，这一段也展示了张无忌对江湖道义和江湖生活的深刻理解，他明白江湖中的纷争和矛盾是不可避免的，但他仍然希望能够化解这些纷争，实现江湖的和平与安定。')
2024-03-05 18:22:17,444 - ERROR - 异常文档位置:687
2024-03-05 18:22:17,445 - ERROR - Exception occurred: ('无法找到问题和回答:', '问题：赵敏为何要偷取倚天剑？\n\n赵敏偷取倚天剑的原因是为了引出张无忌，进而展开一场战斗。在小说中，倚天剑是峨眉派灭绝师太的宝物，后来灭绝师太将剑传给了周芷若。周芷若在和张无忌的决斗中，为了报复张无忌，用倚天剑刺伤了他。赵敏得到倚天剑后，知道张无忌一定会来找她要剑，于是设下埋伏，准备和张无忌一战。通过偷取倚天剑，赵敏成功地引出了张无忌，实现了自己的目的。')
2024-03-05 18:22:28,283 - ERROR - 异常文档位置:689
2024-03-05 18:22:28,284 - ERROR - Exception occurred: ('无法找到问题和回答:', '这段文字是关于张无忌和赵敏在绿柳山庄的一次遭遇。当时，张无忌和赵敏在绿柳山庄的水阁中饮酒，随后张无忌离开了山庄。在离开后，他发现自己的朋友们都中了毒，于是他返回山庄找赵敏要解药。在和张无忌的打斗中，赵敏假装自杀，然后引诱张无忌进入一个陷阱。在陷阱里，张无忌试图让赵敏打开翻板，但赵敏拒绝了他的要求。两人开始交谈，赵敏告诉张无忌她是蒙古人，并试图挑起张无忌对蒙古的仇恨。')
2024-03-05 18:22:35,173 - ERROR - 异常文档位置:690
2024-03-05 18:22:35,173 - ERROR - Exception occurred: ('无法找到问题和回答:', '问题：赵敏和张无忌在这次事件中各自表现出了什么特点？\n\n赵敏表现出了机智、狡猾和狠毒的特点。她先是用计谋引诱张无忌进入陷阱，然后用言语激将他，让他不敢对自己下手。在陷阱中，她表现出了冷静和镇定，不断用言语刺激张无忌，使他无法下手杀自己。同时，她也表现出了对张无忌的轻视和嘲笑，不断刺激他的情绪。\n\n张无忌表现出了勇敢、智慧和果断的特点。他虽然落入了陷阱，但并没有惊慌失措，而是冷静地分析形势，寻找逃脱的方法。他不断用言语刺激赵敏，让她无法下手杀自己。在最后，他决定采取果断的行动，撕下赵敏的裙子，用湿绸封住她的口鼻，迫使她放自己出去。同时，他也表现出了对赵敏的轻视和嘲笑，不断用言语刺激她。')
2024-03-05 18:22:40,140 - ERROR - 异常文档位置:691
2024-03-05 18:22:40,140 - ERROR - Exception occurred: ('无法找到问题和回答:', '这段文字描写了张无忌和赵敏在倚天剑的秘洞中相遇。赵敏使用倚天剑鞘攻击张无忌，但张无忌用乾坤大挪移神功夺过剑鞘。赵敏随后用珠花引诱张无忌，试图用短剑自杀，但张无忌阻止了她。赵敏将张无忌引入陷阱，将他关在陷阱里。张无忌试图用各种方法离开陷阱，但都未能成功。最后，赵敏同意放张无忌出去，但张无忌必须答应她一个条件。')
2024-03-05 18:22:45,276 - ERROR - 异常文档位置:692
2024-03-05 18:22:45,277 - ERROR - Exception occurred: ('无法找到问题和回答:', '这段原文是关于张无忌和赵敏在陷阱中的对话和斗争。张无忌为了逼赵敏放他出去，对赵敏施以暴力和威胁，但赵敏坚决不从。最后，赵敏假装昏倒，张无忌为了救众人性命，只好对她施以“壁虎游墙功”，赵敏因此痛苦不已。最终，赵敏假装无法忍受，答应放张无忌出去。张无忌为了安全起见，撕下了赵敏的裙子，并点了她的穴道，使她无法反抗。在张无忌离开陷阱后，赵敏感到一阵难过和失落。')
2024-03-05 18:22:50,176 - ERROR - 异常文档位置:693
2024-03-05 18:22:50,176 - ERROR - Exception occurred: ('无法找到问题和回答:', '这段原文是关于张无忌和赵敏在陷阱中的对话。张无忌被赵敏关在陷阱里，问是否有出路，赵敏回答说陷阱是为了捕捉敌人而设的，不会故意留下开启的机括。张无忌要求赵敏叫人来放他，但赵敏说她的手下都派出去，明天才能回来。张无忌大怒，威胁要杀赵敏，但赵敏并不屈服。最后，张无忌还是通过强硬的手段逼迫赵敏叫人来放他。')
2024-03-05 18:22:59,462 - ERROR - 异常文档位置:694
2024-03-05 18:22:59,463 - ERROR - Exception occurred: ('无法找到问题和回答:', '问题：赵敏和张无忌在这次事件中表现出了什么样的性格特点？\n\n赵敏：\n\n1. 机智狡猾：赵敏在这次事件中表现出了极高的智慧和狡猾。她先是用“醉仙灵芙”和“奇鲮香木”混合，制成了一种无色无味的剧毒，让张无忌等人防不胜防。\n2. 果断坚决：赵敏在发现张无忌逃脱后，立即下令放火，将绿柳山庄烧毁，表现出了果断坚决的一面。\n3. 情感复杂：在张无忌折磨她时，赵敏表现出了复杂的情感，既有痛苦和恐惧，又有对张无忌的异样感觉。\n\n张无忌：\n\n1. 聪明过人：张无忌在赵敏下毒后，通过观察和分析，发现了毒药的成分，并成功解毒。\n2. 果断坚决：在赵敏不合作的情况下，张无忌果断采取行动，不惜使用暴力，也要完成自己的目的。\n3. 善良仁慈：尽管赵敏多次折磨他，但张无忌在最后还是放过了她，表现出了善良仁慈的一面。')
2024-03-05 18:23:04,004 - ERROR - 异常文档位置:695
2024-03-05 18:23:04,004 - ERROR - Exception occurred: ('无法找到问题和回答:', '这段原文是关于张无忌和赵敏之间的互动。张无忌利用九阳真经的暖气擦动赵敏的“涌泉穴”，让她感到非常难受。赵敏因此求饶，张无忌才停止。之后，张无忌解开了赵敏的穴道，赵敏要求他给她穿上鞋袜。张无忌在这个过程中对赵敏产生了一些异样的感觉，但最终还是离开了。')
2024-03-05 18:23:38,055 - ERROR - 异常文档位置:700
2024-03-05 18:23:38,055 - ERROR - Exception occurred: ('无法找到问题和回答:', '问题：在《倚天屠龙记》中，张无忌和韦一笑在前往武当山的途中遇到了什么？\n\n答案：在前往武当山的途中，张无忌和韦一笑遇到了不少江湖人士，其中包括宋远桥、殷梨亭、俞莲舟等武当派高手。他们告诉张无忌，武当派已经遭到了袭击，并且杀害了武当派的一些弟子。张无忌和韦一笑为了保护武当派，决定先行前往武当山，并在途中与宋远桥等人结伴同行。')
2024-03-05 18:26:41,974 - ERROR - 异常文档位置:732
2024-03-05 18:26:41,974 - ERROR - Exception occurred: ('无法找到问题和回答:', '问题：张无忌如何使用太极拳和太极剑来对付阿大？\n\n   答： 张无忌使用太极拳和太极剑来对付阿大，首先他运用太极拳中的“高探马”招式，以柔克刚，化解了阿大的攻击。然后，他连续使出太极拳中的圆转不断的招式，如“云手”等，将阿大的攻势化解并反制。最后，他使用太极剑中的招式，如“双风贯耳”等，成功击败了阿大。整个过程中，张无忌充分发挥了太极拳和太极剑的柔韧性和灵活性，以巧取胜。')
2024-03-05 18:27:04,267 - ERROR - 异常文档位置:736
2024-03-05 18:27:04,267 - ERROR - Exception occurred: ('无法找到问题和回答:', '问题：张无忌在武当山上遇到了哪两位老者？\n\n答： 张无忌在武当山上遇到了两位老者，他们是玄冥二老。玄冥二老是金庸武侠小说《倚天屠龙记》中的人物，是绝顶高手，武功之高在江湖之中少有匹敌。他们的内力深厚，掌法阴狠毒辣，尤其是掌法中夹杂的阴冷无比的寒气，更加令人防不胜防。')
2024-03-05 18:28:26,229 - ERROR - 异常文档位置:749
2024-03-05 18:28:26,229 - ERROR - Exception occurred: ('无法找到问题和回答:', '问题：赵敏和张无忌在这次事件中各自表现出了什么样的性格特点？\n\n赵敏：\n\n1. 聪明机智：赵敏在和张无忌的对话中，能够迅速理解他的意图，并以其聪明才智化解了危机。例如，当张无忌威胁要杀她时，她并没有惊慌失措，而是以巧妙的语言化解了危机。\n2. 果决坚决：赵敏在处理危机时表现出果断和坚决，她决定给张无忌解药，并让他答应为她做三件事。\n3. 狡猾多变：赵敏在与张无忌的对话中，表现出了狡猾多变的一面，例如她先是以言语相激，然后又以解药为条件，让张无忌答应为她做事。\n\n张无忌：\n\n1. 执着坚定：张无忌为了救俞三伯和殷六叔，不惜采取威胁的手段，表现出他对亲人朋友的执着和坚定。\n2. 善良仁慈：尽管赵敏曾经对他做过很多恶毒的事情，但张无忌还是能够以德报怨，最终放过了赵敏。\n3. 容易受感动：张无忌在听到赵敏的解释后，对她的态度有所软化，并最终答应为她做三件事。')
2024-03-05 18:29:33,732 - ERROR - 异常文档位置:759
2024-03-05 18:29:33,732 - ERROR - Exception occurred: Error code: 400, with error text {"error":{"code":"1301","message":"系统检测到输入或生成内容可能包含不安全或敏感内容，请您避免输入易产生敏感内容的提示语，感谢您的配合。"}}
2024-03-05 18:31:04,459 - ERROR - 异常文档位置:776
2024-03-05 18:31:04,459 - ERROR - Exception occurred: ('无法找到问题和回答:', '问题：苦头陀范遥为何要与张无忌比试剑法？\n\n答案：苦头陀范遥与张无忌比试剑法，是为了测试张无忌的武功和能力。在范遥看来，张无忌可能是明教未来的领袖，他希望通过比试剑法，了解张无忌的实力，并决定是否要效忠他。此外，范遥也可能想借此机会，向张无忌展示自己的武功，以证明自己在明教中的地位和价值。')
2024-03-05 18:32:54,377 - ERROR - 异常文档位置:793
2024-03-05 18:32:54,377 - ERROR - Exception occurred: ('无法找到问题和回答:', '问题：鹿杖客和范遥之间的关系如何？\n\n答： 鹿杖客和范遥之间的关系比较复杂。他们既是同门师兄弟，也是朋友，但同时范遥又对鹿杖客有所隐瞒和欺骗。具体来说：\n\n1. 鹿杖客和范遥都是玄冥二老之一，从小一起长大，是同门师兄弟。\n\n2. 两人关系亲密，经常一起行动，合作无间。例如这次范遥中毒，鹿杖客立即想到可能是范遥所为，并主动提出要为他解毒。\n\n3. 范遥对鹿杖客有所隐瞒和欺骗。例如他装作哑巴，实际上却会说话；又如他偷取了解药，却告诉鹿杖客自己中毒。\n\n4. 两人之间存在一定的竞争关系，例如在争夺韩姬的事情上，鹿杖客对范遥的所作所为有所怀疑和不满。\n\n5. 总的来说，两人关系亲密，但又因为范遥的隐瞒和欺骗而存在一定的隔阂。')
2024-03-05 18:34:55,647 - ERROR - 异常文档位置:811
2024-03-05 18:34:55,647 - ERROR - Exception occurred: ('无法找到问题和回答:', '问题：灭绝师太为什么要周芷若以美色相诱来取得屠龙刀和倚天剑？\n\n灭绝师太要周芷若以美色相诱来取得屠龙刀和倚天剑，是因为这两把宝刀剑中藏有兵法秘笈和武学秘笈，对国家极为重要。如果落在敌人手中，后果不堪设想。灭绝师太认为，倚天剑现在落在赵敏手中，屠龙刀在谢逊手中，他们可能会联手取得兵法秘笈和武学秘笈，荼毒苍生，对国家造成严重危害。因此，灭绝师太决定让周芷若以美色相诱，取得屠龙刀和倚天剑，以保护国家和百姓的安危。')
2024-03-05 18:34:57,409 - ERROR - 异常文档位置:812
2024-03-05 18:34:57,409 - ERROR - Exception occurred: ('无法找到问题和回答:', '灭绝师太为什么要周芷若立下毒誓？')
2024-03-05 18:35:26,034 - ERROR - 异常文档位置:817
2024-03-05 18:35:26,035 - ERROR - Exception occurred: Error code: 400, with error text {"error":{"code":"1301","message":"系统检测到输入或生成内容可能包含不安全或敏感内容，请您避免输入易产生敏感内容的提示语，感谢您的配合。"}}
2024-03-05 18:35:53,963 - ERROR - 异常文档位置:821
2024-03-05 18:35:53,963 - ERROR - Exception occurred: ('无法找到问题和回答:', '问题：在《倚天屠龙记》中，张无忌是如何帮助众高手逃脱火海的？\n\n答： 在《倚天屠龙记》中，张无忌运用乾坤大挪移神功，帮助众高手逃脱火海。他先让俞莲舟跳下，然后用一掌轻轻拍出，将俞莲舟自上而下的一股巨力拨为自左至右，使他横着飞出，安全落地。接着，张无忌又让宋远桥、宋青书、何太冲、班淑娴等先后跳下，都用乾坤大挪移神功将他们安全送出。最后，在众高手的帮助下，张无忌成功帮助众高手逃脱火海。')
2024-03-05 18:36:59,799 - ERROR - 异常文档位置:829
2024-03-05 18:36:59,799 - ERROR - Exception occurred: ('无法找到问题和回答:', '问题：范遥在离开赵敏时，为何会对小昭失声叫道“你……你……”？\n\n范遥在离开赵敏时，对小昭失声叫道“你……你……”的原因可能有以下几点：\n\n1. 小昭的相貌可能与范遥过去熟悉的人极为相似，让他一时之间产生了错觉，误以为看到了那个人。\n2. 小昭的某些神态、举止可能与范遥过去熟悉的人有相似之处，勾起了他的回忆和感慨。\n3. 范遥可能对小昭有一些特殊的印象或情感，所以在离别时对她的离去感到特别的不舍和惊讶。\n4. 小昭的身份和经历可能与范遥过去熟悉的人有某些相似之处，让范遥在看到她时产生了某种共鸣和感慨。\n\n总之，范遥对小昭失声叫道“你……你……”的原因可能是由于小昭的相貌、神态、身份等与他过去熟悉的人有某些相似之处，勾起了他的回忆和感慨，让他对小昭的离去感到不舍和惊讶。')
2024-03-05 18:42:51,596 - ERROR - 异常文档位置:892
2024-03-05 18:42:51,596 - ERROR - Exception occurred: ('无法找到问题和回答:', '问题：韩千叶与阳教主比武的缘由是什么？\n\n答案：韩千叶与阳教主比武的缘由是韩千叶的父亲与阳教主有仇。韩千叶的父亲当年被阳教主一掌“大九天手”击得重伤，跪在地下，站不起身。当时他父亲言道，日后必报此仇，只是知道自己武功已无法再进。将来不是叫儿子来，便是叫女儿来。阳教主道：不论是儿子还是女儿，他必奉让三招。那人道：招是不须让的，但如何比武，却要他子女选定。阳教主当时便答允了。后来韩千叶便来光明顶上向阳教主挑战，要为父报仇。')
2024-03-05 18:43:49,361 - ERROR - 异常文档位置:902
2024-03-05 18:43:49,361 - ERROR - Exception occurred: too many values to unpack (expected 2)
2024-03-05 18:45:06,754 - ERROR - 异常文档位置:913
2024-03-05 18:45:06,754 - ERROR - Exception occurred: ('无法找到问题和回答:', '智慧王以中国话说道：“尔等快快送出我方教友，便可饶尔等不死。这几个教友在吾人眼中，犹如猪狗一般，尔等用刀架在彼人颈中，又有何用？尔等有胆，尽可将彼人杀了。波斯圣教之中，此等人成千成万，杀之一两个有何足惜？”\n\n赵敏说道：“尔等不必口出大言，欺骗吾人。吾人知悉，这二人一个乃平等宝树王，一个乃妙风使。在尔等明教之中，地位甚高者。尔等说彼人犹如猪狗一般，尔言差矣，大大之差矣！”那智慧王所说的中国话是从书本上学来，“尔等”“彼人”云云，大为不伦不类。赵敏模仿他的声调用语，谢逊等听了，虽然身处危境，却也忍不住微笑。\n\n智慧王眉头一皱，说道：“圣教之中，共有三百六十位宝树王，平等王排名第三百五十九。吾人有使者一千二百人，这妙风使武功平常，毫无用处，尔等快快将彼人杀了。”\n\n赵敏道：“很好，很好！手执刀剑的朋友，快快将这两个无用之人杀了。”谢逊道：“遵命！”举起屠龙刀，呼的一声便向平等王头顶横劈过去。\n\n众人惊呼声中，屠龙刀从他头顶掠过，距头盖不到半寸，大片头发切削下来，被海风一吹，飘浮空中。谢逊手臂一')
2024-03-05 18:46:17,051 - ERROR - 异常文档位置:924
2024-03-05 18:46:17,051 - ERROR - Exception occurred: ('无法找到问题和回答:', '这段原文讲述了张无忌和殷离被困在小岛上的故事。他们在岛上寻找草药，却发现岛上花草与中土大异，无法辨认。殷离因为受伤而发烧不退，呓语不止。张无忌为了寻找草药而越走越远，却发现波斯船已经不在原处。他意识到他们可能中了奸计，于是去唤醒周芷若和谢逊，却发现他们也被困住了。张无忌发现殷离和周芷若都受了伤，而他自己也中毒了。他为了救殷离和周芷若，开始运功驱毒，并寻找草药。')
2024-03-05 18:48:36,546 - ERROR - 异常文档位置:949
2024-03-05 18:48:36,546 - ERROR - Exception occurred: ('无法找到问题和回答:', '问题：陈友谅为何要向史火龙推荐宋青书加入丐帮？\n\n答案：陈友谅向史火龙推荐宋青书加入丐帮，是因为宋青书和周芷若本来有婚姻之约，但周芷若却被张无忌夺去。陈友谅为了帮助宋青书，向史火龙担保，定要助他夺回周女。')
2024-03-05 18:50:23,656 - ERROR - 异常文档位置:966
2024-03-05 18:50:23,656 - ERROR - Exception occurred: Request Timeout
2024-03-05 18:51:15,966 - ERROR - 异常文档位置:975
2024-03-05 18:51:15,966 - ERROR - Exception occurred: ('无法找到问题和回答:', '问题：张无忌在遇到武当四侠时，为何要使用圣火令武功？\n\n答案：张无忌在遇到武当四侠时，被迫使用圣火令武功，原因如下：\n\n1. 张无忌和赵敏被武当四侠逼入雪谷，处境十分危险。四侠要求张无忌交代莫声谷的死因，但张无忌无法说出口，只能用武功来抵抗。\n\n2. 四侠误认为张无忌是蒙古人，且害死了莫声谷。张无忌为了保命，只能使用圣火令武功来抵抗四侠的攻击。\n\n3. 赵敏让张无忌用圣火令武功，因为这种武功诡异古怪，可以令四侠捉摸不定，增加张无忌逃脱的机会。\n\n4. 张无忌使用圣火令武功，也是为了保护赵敏。他知道四侠不会伤害一个无辜的女子，所以用武功来抵抗，让四侠以为赵敏是无辜的，从而放过她。\n\n5. 张无忌使用圣火令武功，也是为了保住自己的名声。他不想让四侠误会自己害死了莫声谷，所以用武功来抵抗，以证明自己的清白。')
2024-03-05 18:52:57,856 - ERROR - 异常文档位置:991
2024-03-05 18:52:57,857 - ERROR - Exception occurred: ('无法找到问题和回答:', '问题：张无忌在追ちx父和周芷若的^程中，遇到了哪些困y和挑穑\n\n张无忌在追ちx父和周芷若的^程中，遇到了以下困y和挑穑\n\n1. 丐偷娜TO和追捕。无忌在丐偷谋O下，很y接近x父和周芷若，而且被丐妥凡丁\n2. 找不到x父和周芷若的_切位置。无忌在追さ倪^程中，不嗟ふ伊x父和周芷若的踪E，但s一直o法找到他的确切位置。\n3. 遇到假冒的火焰。无忌在追さ倪^程中，遇到了假冒的火焰，@他感到困惑和心，不知道不相信@些。\n4. `入妓院。无忌在追さ倪^程中，`入了一所妓院，@他感到擂魏筒话玻也浪M了一些rg。\n5. 遇到橙说穆穹。无忌在追さ倪^程中，遇到了橙说穆穹，@他感到危U和挑穑需要更加小心Α')
2024-03-05 18:53:05,691 - ERROR - 异常文档位置:992
2024-03-05 18:53:05,691 - ERROR - Exception occurred: ('无法找到问题和回答:', '问题：张无忌在寻找义父和周芷若的过程中，遇到了哪些困难和挑战？\n\n答： 在寻找义父和周芷若的过程中，张无忌遇到了以下困难和挑战：\n\n1. 多次找到的火焰记号都指向不同的地方，如赌场、妓院等，让他感到困惑和迷茫。\n2. 在赌场和妓院中，他遭到了一些人的嘲笑和戏弄，如小鬟和周纤纤。\n3. 在一些地方，如丰润城外和宁河，他未能找到火焰记号，使他怀疑是否是敌人故意误导。\n4. 在玉田一家大户人家，他误以为找到了义父和周芷若，但却是人家嫁女，让他感到失望和沮丧。\n5. 在整个过程中，他担心义父和周芷若的安危，同时也担心自己的安全。')
2024-03-05 18:53:14,521 - ERROR - 异常文档位置:994
2024-03-05 18:53:14,521 - ERROR - Exception occurred: ('无法找到问题和回答:', '这段原文是关于张无忌寻找义父谢逊和周芷若的过程。他在途中发现了一些火焰记号，并按照这些记号一路向西行进。最后他来到了一个叫做梨香院的地方，发现那里是一个妓院。他找到了周芷若，但她被点了穴道，无法行动。张无忌还被丐帮的人攻击，并被指责为“蛮不讲理的小魔头”。')
2024-03-05 18:54:08,069 - ERROR - 异常文档位置:1003
2024-03-05 18:54:08,069 - ERROR - Exception occurred: ('无法找到问题和回答:', '这段原文讲述了黄衫女子和韦一笑戏弄丐帮的故事。故事中，黄衫女子和韦一笑偷换了掌棒龙头送给明教韩山童的信，使信的内容变成了丐帮向明教投降的降书。当降书被传到丐帮时，群丐都感到脸上无光，陈友谅更是气急败坏。接着，黄衫女子和韦一笑又利用打狗棒戏弄了丐帮众人，揭穿了冒充史帮主的骗子。最后，黄衫女子透露史火龙已经归天，他的女儿史红石拿着打狗棒来找她报仇。')
2024-03-05 18:54:14,332 - ERROR - 异常文档位置:1004
2024-03-05 18:54:14,332 - ERROR - Exception occurred: ('无法找到问题和回答:', '这段文字描述了张无忌和黄衫女子在丐帮中的经历。张无忌在丐帮中识破了冒充史火龙的人，并帮助黄衫女子揭露了真相。黄衫女子告诉张无忌，史火龙是被混元霹雳手成昆杀害的。史火龙的妻子带着女儿史红石来到黄衫女子家中，希望黄衫女子能够帮助史红石报仇。在文中，黄衫女子告诉史红石，她已经将史火龙的打狗棒交给了史红石，让她用这根棒子为史火龙报仇。')
2024-03-05 18:54:19,358 - ERROR - 异常文档位置:1005
2024-03-05 18:54:19,358 - ERROR - Exception occurred: ('无法找到问题和回答:', '这段文字是描述在金庸先生的武侠小说《倚天屠龙记》中的一段情节。这段情节发生在丐帮的内部纷争之中，主要涉及到了史火龙被杀、黄衫女子揭露真相、假史火龙被揭穿等事件。其中，黄衫女子通过自己的智慧和勇气，成功揭露了假史火龙的真相，并帮助丐帮找出了杀害史火龙的凶手。这段情节展现了黄衫女子的聪明才智和勇气，也揭示了丐帮内部的矛盾和纷争。')
2024-03-05 18:54:27,272 - ERROR - 异常文档位置:1006
2024-03-05 18:54:27,272 - ERROR - Exception occurred: ('无法找到问题和回答:', '这段文字是关于金庸先生的武侠小说《倚天屠龙记》中的情节。故事中，丐帮的史火龙帮主被一个冒充他的秃子所杀，而黄衫女子和史红石揭穿了这个骗局。史火龙的女儿史红石和黄衫女子一起出现在丐帮，揭穿了冒充史火龙的人。史火龙的妻子和他的女儿史红石一起在杨铁心的家里养伤。史火龙是被混元霹雳手成昆所杀，而陈友谅则是这个阴谋的幕后黑手。')
2024-03-05 18:55:44,021 - ERROR - 异常文档位置:1020
2024-03-05 18:55:44,021 - ERROR - Exception occurred: ('无法找到问题和回答:', '问题：在《倚天屠龙记》中，张无忌和周芷若在皇城观看大游时，遇到了一辆彩车，车中扮演金毛狮王谢逊的演员让张无忌大吃一惊。请问，这辆彩车是谁安排的？其中有何深意？')
2024-03-05 18:55:49,518 - ERROR - 异常文档位置:1021
2024-03-05 18:55:49,518 - ERROR - Exception occurred: ('无法找到问题和回答:', '问题：张无忌和赵敏在这次相遇中，他们的心情是怎样的？\n\n张无忌和赵敏在这次相遇中，心情都非常复杂。张无忌对赵敏有着深厚的感情，他在无意中来到这里，见到赵敏时心中一惊，表现出他对赵敏的在意和无法割舍。赵敏看到张无忌时也同样感到惊讶，她没有料到会在这里遇到张无忌。两人见面时的“啊”的一声叫，显示出他们都没有预料到这样的相遇，同时也反映出他们对彼此的在意和情感。')
2024-03-05 18:56:58,882 - ERROR - 异常文档位置:1032
2024-03-05 18:56:58,882 - ERROR - Exception occurred: ('无法找到问题和回答:', '问题：赵敏在张无忌和周芷若的大婚现场为甚么阻止他们的婚礼？\n\n答案：赵敏阻止张无忌和周芷若的婚礼是因为她仍然深爱着张无忌，并希望张无忌能够履行他们之间的约定。在张无忌和周芷若即将拜堂成亲的时候，赵敏突然出现，并提出了第二件事，要求张无忌今天不得与周姑娘成亲。赵敏此举虽然有些冒失和不合适，但她的本意是为了维护自己与张无忌之间的感情。')
2024-03-05 19:05:45,581 - ERROR - 异常文档位置:1118
2024-03-05 19:05:45,581 - ERROR - Exception occurred: ('无法找到问题和回答:', '这段原文是描述在少林寺中，峨嵋派掌门周芷若带领门下弟子拜见少林寺空闻方丈。张无忌也来到木棚前，向周芷若长揖到地，含羞带愧，表示要请罪。周芷若则平和地回应，表示不必多礼。之后，张无忌提到希望周芷若能在救援义父时给予援手，周芷若则表示一切当以大局为重。')
2024-03-05 19:05:53,828 - ERROR - 异常文档位置:1119
2024-03-05 19:05:53,828 - ERROR - Exception occurred: ('无法找到问题和回答:', '这段原文是描述在少林寺举办的一场武林大会，其中涉及到多个门派和人物。主要情节包括：\n\n1. 张无忌与周芷若、宋青书之间的三角关系被揭露，原来周芷若已经嫁给了宋青书。\n2. 丐帮与少林派的争执，双方因言语不合，几乎动手。\n3. 明教左使杨逍为谢逊辩护，认为每个人都可能杀人，不应过于苛责。\n4. 韦一笑和说不得代表明教出手，将山东大豪夏胄击败并俘虏。\n\n这段原文展示了武林中各派别的矛盾冲突，以及明教中一些人物的实力和性格特点。')
2024-03-05 19:06:35,473 - ERROR - 异常文档位置:1124
2024-03-05 19:06:35,473 - ERROR - Exception occurred: ('无法找到问题和回答:', '问题：在《倚天屠龙记》中，张无忌和赵敏是如何推测出圆真的诡计的？\n\n答案：张无忌和赵敏通过分析圆真的行为和心理，推测出他的诡计。首先，圆真请来天下英雄，制造英雄大会，这本身就很可疑。其次，圆真请空智大师做英雄大会的主人，但又让空智大师装病不出，这显然是想在背后操控局面。再者，圆真提出以谢逊和屠龙刀为饵，让群雄自相争斗，这更是明显的诡计。最后，圆真安排张无忌在比武中胜出，然后让张无忌去破金刚伏魔圈救谢逊，这更是看准了张无忌的血性和固执，设下的陷阱。通过这些分析，张无忌和赵敏得出了圆真的诡计。')
2024-03-05 19:07:14,392 - ERROR - 异常文档位置:1129
2024-03-05 19:07:14,392 - ERROR - Exception occurred: ('无法找到问题和回答:', '问题：在这次武林大会上，张无忌和周芷若的关系如何？\n\n答： 在这次武林大会上，张无忌和周芷若的关系有些复杂。虽然他们曾经是恋人，但在这次大会上，周芷若突然变得非常狠心，甚至使用了一种非常歹毒的暗器。这让张无忌感到非常难过，并且对周芷若的行为感到非常失望。虽然他们之间曾经有过美好的回忆，但在这次大会上，他们的关系明显变得紧张和复杂。')
2024-03-05 19:08:04,372 - ERROR - 异常文档位置:1136
2024-03-05 19:08:04,372 - ERROR - Exception occurred: ('无法找到问题和回答:', '问题：在《倚天屠龙记》中，张无忌和周芷若之间的感情是如何发展的？\n\n答： 在《倚天屠龙记》中，张无忌和周芷若之间的感情发展经历了许多波折。最初，张无忌和周芷若在荒岛上相依为命，两人关系亲密，山盟海誓，互相信任。然而，在回到中原后，张无忌因为对赵敏的承诺，在婚礼上抛弃了周芷若，使她受到了极大的伤害。\n\n后来，张无忌深感对周芷若的愧疚，多次想弥补这段关系，但周芷若对他已心存怨恨，难以挽回。尽管如此，张无忌仍然关心周芷若，试图保护她免受伤害。而周芷若在经历了一系列事件后，也逐渐放下了仇恨，重新与张无忌建立了友谊。\n\n在故事的后期，周芷若为了救张无忌，不惜背叛峨眉派，最终两人化解了前嫌，但并未重归于好。这段感情发展充满了曲折，反映了作者对爱情、友情和江湖道义的探讨。')
2024-03-05 19:08:42,491 - ERROR - 异常文档位置:1142
2024-03-05 19:08:42,491 - ERROR - Exception occurred: ('无法找到问题和回答:', '问题：张无忌在广场上看到群雄比武时，心中所想到的是什么？\n\n答： 张无忌在广场上看到群雄比武时，心中所想到的是赵敏肩头的五个爪印，以及那晚茅舍中杜百当夫妇尸横就地的可怖情景。')
2024-03-05 19:09:24,756 - ERROR - 异常文档位置:1149
2024-03-05 19:09:24,756 - ERROR - Exception occurred: ('无法找到问题和回答:', '这段原文描述了宋青书和俞莲舟在比武时的情况。宋青书因为另学得奇门武功而胆怯，但俞莲舟却对他非常认真，一招一式都十分谨慎。在比武过程中，俞莲舟的快拳快腿让宋青书十分惊讶，因为这些招式他也学过，但出招速度却远不如俞莲舟。最终，俞莲舟打败了宋青书，但此时周芷若突然出现，用长鞭攻击俞莲舟，殷梨亭则出来帮助俞莲舟对抗周芷若。')
2024-03-05 19:11:38,554 - ERROR - 异常文档位置:1167
2024-03-05 19:11:38,554 - ERROR - Exception occurred: ('无法找到问题和回答:', '问题：在张无忌与少林三僧的比拚中，周颠的作用是什么？\n\n答： 周颠的作用是扰乱少林三僧的心神，让张无忌有机会赢得比赛。在张无忌与少林三僧的比拚中，双方均是骑虎难下，难以分出胜负。周颠突然出现，手持狗肉，嘻皮笑脸的走到三僧面前，询问是否要吃狗肉。他的行为意图是让三僧动怒，只要有一僧因此动了嗔怒，心神便会分散，这样张无忌便有机会赢得比赛。')
2024-03-05 19:11:52,086 - ERROR - 异常文档位置:1169
2024-03-05 19:11:52,086 - ERROR - Exception occurred: ('无法找到问题和回答:', '这段原文是描述张无忌在少林寺中与渡厄、渡劫、渡难三僧比拚内力，同时还要应对周芷若的攻击和周颠的干扰。在这段原文中，张无忌运用了乾坤大挪移心法，将三僧的掌力粘住，使得他们无法抽身阻拦周芷若。周芷若则趁机攻击谢逊，但被黄衫女子所救。最后，三僧决定放弃比拚，向张无忌道歉，并解开了谢逊身上的穴道。')
2024-03-05 19:12:17,141 - ERROR - 异常文档位置:1171
2024-03-05 19:12:17,141 - ERROR - Exception occurred: Request Timeout
2024-03-05 19:12:24,142 - ERROR - 异常文档位置:1172
2024-03-05 19:12:24,142 - ERROR - Exception occurred: ('无法找到问题和回答:', '成昆和谢逊的恩怨纠葛源自于成昆当年强奸未遂，杀害了谢逊全家。此后，谢逊苦练武功，四处追杀成昆，而成昆则一直躲避。直到在少林寺，谢逊才终于找到了成昆，二人开始动手打斗。在打斗过程中，成昆使用的是少林九阳功，而谢逊使用的是七伤拳。虽然谢逊的拳力威猛，但因为成昆对七伤拳的缺陷了如指掌，加上使用少林九阳功化解了谢逊的大部分拳力，使得谢逊的内伤越来越重。')
2024-03-05 19:12:32,189 - ERROR - 异常文档位置:1173
2024-03-05 19:12:32,189 - ERROR - Exception occurred: ('无法找到问题和回答:', '这段原文是描述张无忌在光明顶上与成昆、空智、空性三位少林高僧对峙的场景。其中，成昆因为曾经逼奸张无忌的妈妈殷素素未遂，杀死了他的外公全家，所以张无忌与成昆有着深仇大恨。在战斗中，张无忌因为顾忌到成昆是自己师父，所以一直不敢对他下重手。而成昆则因为想借张无忌之手除去空智等少林高僧，以便自己接掌少林寺，所以也一直未尽全力。最后，在空智的提醒下，张无忌终于决定不再顾忌，全力与成昆一战。')
2024-03-05 19:12:34,691 - ERROR - 异常文档位置:1174
2024-03-05 19:12:34,691 - ERROR - Exception occurred: Error code: 400, with error text {"error":{"code":"1301","message":"系统检测到输入或生成内容可能包含不安全或敏感内容，请您避免输入易产生敏感内容的提示语，感谢您的配合。"}}
2024-03-05 19:13:06,618 - ERROR - 异常文档位置:1180
2024-03-05 19:13:06,618 - ERROR - Exception occurred: ('无法找到问题和回答:', '问题：在《倚天屠龙记》中，谢逊在逆运内息后散尽全身武功，是出于什么样的心态？\n\n答案：谢逊在逆运内息后散尽全身武功，是出于一种大彻大悟、忏悔罪业的心态。在小说中，谢逊在经历了一系列事件后，深感自己过去的所作所为是错误的，他想要通过散尽武功来赎罪，并希望自己的所作所为能够化解罪业。他选择这样做，也是为了让自己重新开始，成为一个更好的人。')
2024-03-05 19:13:13,936 - ERROR - 异常文档位置:1181
2024-03-05 19:13:13,936 - ERROR - Exception occurred: ('无法找到问题和回答:', '问题：在《倚天屠龙记》中，黄衫女子是谁？她的身份和背景是什么？\n\n黄衫女子是金庸武侠小说《倚天屠龙记》中的人物，她的真实身份是神雕侠女小龙女和杨过的后人。在小说中，黄衫女子首次出现在少林寺英雄大会上，她穿着一身黄色的衣衫，带领着八名黑衣白衫的少女出现。黄衫女子在小说中扮演着重要的角色，她帮助张无忌解决了许多难题，并展现出了极高的武功和智慧。黄衫女子的身份和背景在小说中一直是个谜，直到最后才被揭示出来。')
2024-03-05 19:14:06,118 - ERROR - 异常文档位置:1188
2024-03-05 19:14:06,118 - ERROR - Exception occurred: ('无法找到问题和回答:', '问题：在《倚天屠龙记》中，屠龙刀和倚天剑断裂后，周芷若藏起了它们，并从其中获得了什么？\n\n答： 在《倚天屠龙记》中，周芷若割断了屠龙刀和倚天剑，并从它们中取出了藏在其中的武功秘笈。她为了急于求成，暗中修练这些武功秘笈，从而获得了强大的武功。')
2024-03-05 19:15:02,816 - ERROR - 异常文档位置:1195
2024-03-05 19:15:02,816 - ERROR - Exception occurred: ('无法找到问题和回答:', '这段原文是描述张无忌和玄冥二老（鹿杖客和鹤笔翁）在荒野上交手的情景。张无忌在追击周芷若时，遇到了玄冥二老，他们试图从张无忌手中夺取周芷若。在交手过程中，张无忌运用太极拳法、九阳神功等武功，与玄冥二老展开激烈的战斗。同时，张无忌还要照顾身受重伤的周芷若，以及受到她体内寒毒影响的赵敏。在这场战斗中，张无忌展现出了极高的武功和智慧，最终成功击退了玄冥二老，保护了周芷若和赵敏。')
2024-03-05 19:15:23,607 - ERROR - 异常文档位置:1198
2024-03-05 19:15:23,607 - ERROR - Exception occurred: ('无法找到问题和回答:', '这段原文描述了张无忌与玄冥二老之间的战斗。张无忌使用太极拳法、九阳神功和乾坤大挪移等武功，与玄冥二老展开激烈的交手。玄冥二老使用玄冥神掌，发出阴寒之气，与张无忌的九阳神功相抗衡。在战斗过程中，张无忌发现玄冥二老武功高强，难以速战速决，于是他决定使用屠龙刀来增强自己的战斗力。在战斗中，张无忌还发现赵敏和周芷若身中玄冥寒毒，于是他使用九阳真气为她们驱寒解毒。在战斗的最后，张无忌成功击败了玄冥二老，并用自己的内力帮助赵敏和周芷若恢复了健康。')
2024-03-05 19:15:45,558 - ERROR - 异常文档位置:1201
2024-03-05 19:15:45,558 - ERROR - Exception occurred: ('无法找到问题和回答:', '问题：张无忌如何利用《武穆遗书》中的兵法来对付玄冥二老和蒙古军队？\n\n答案：张无忌在战斗中利用《武穆遗书》中的兵法，通过乾坤大挪移心法和九阳真气，将鹤笔翁的攻击转移给鹿杖客，从而使他们互相攻击。同时，他利用赵敏的身份和言语，挑拨鹤笔翁和鹿杖客的关系，使他们互相残杀。此外，他还利用《武穆遗书》中的兵法，在少林寺中部署兵力，准备对抗蒙古军队。')
2024-03-05 19:19:21,369 - ERROR - 异常文档位置:1231
